<?xml version="1.0" encoding="UTF-8"?>
<robot generator="Robot 3.2.2 (Python 3.9.1 on win32)" generated="20210116 18:18:53.648" rpa="false">
<suite id="s1" name="TC" source="C:\Users\hp\PycharmProjects\pythonProject2\TestCase\TC.robot">
<test id="s1-t1" name="Flipkart">
<kw name="Open Browser" library="SeleniumLibrary">
<doc>Opens a new browser instance to the optional ``url``.</doc>
<arguments>
<arg>${url}</arg>
<arg>${browser}</arg>
</arguments>
<msg timestamp="20210116 18:18:53.987" level="INFO">Opening browser 'chrome' to base url 'https://www.flipkart.com/'.</msg>
<status status="PASS" starttime="20210116 18:18:53.987" endtime="20210116 18:19:14.218"></status>
</kw>
<kw name="Maximize Browser Window" library="SeleniumLibrary">
<doc>Maximizes current browser window.</doc>
<status status="PASS" starttime="20210116 18:19:14.219" endtime="20210116 18:19:16.397"></status>
</kw>
<kw name="Login to Flipkart">
<kw name="Input Text" library="SeleniumLibrary">
<doc>Types the given ``text`` into the text field identified by ``locator``.</doc>
<arguments>
<arg>xpath://input[@class='_2IX_2- VJZDxU']</arg>
<arg>9495125340</arg>
</arguments>
<msg timestamp="20210116 18:19:16.398" level="INFO">Typing text '9495125340' into text field 'xpath://input[@class='_2IX_2- VJZDxU']'.</msg>
<status status="PASS" starttime="20210116 18:19:16.398" endtime="20210116 18:19:16.579"></status>
</kw>
<kw name="Input Text" library="SeleniumLibrary">
<doc>Types the given ``text`` into the text field identified by ``locator``.</doc>
<arguments>
<arg>xpath://input[contains(@class,'_2IX_2- _3mctLh')]</arg>
<arg>flip123</arg>
</arguments>
<msg timestamp="20210116 18:19:16.579" level="INFO">Typing text 'flip123' into text field 'xpath://input[contains(@class,'_2IX_2- _3mctLh')]'.</msg>
<status status="PASS" starttime="20210116 18:19:16.579" endtime="20210116 18:19:16.738"></status>
</kw>
<kw name="Click Element" library="SeleniumLibrary">
<doc>Click the element identified by ``locator``.</doc>
<arguments>
<arg>xpath:(//span[text()='Login'])[2]</arg>
</arguments>
<msg timestamp="20210116 18:19:16.739" level="INFO">Clicking element 'xpath:(//span[text()='Login'])[2]'.</msg>
<status status="PASS" starttime="20210116 18:19:16.738" endtime="20210116 18:19:16.822"></status>
</kw>
<status status="PASS" starttime="20210116 18:19:16.398" endtime="20210116 18:19:16.823"></status>
</kw>
<kw name="View Cart">
<kw name="Sleep" library="BuiltIn">
<doc>Pauses the test executed for the given time.</doc>
<arguments>
<arg>2</arg>
</arguments>
<msg timestamp="20210116 18:19:18.830" level="INFO">Slept 2 seconds</msg>
<status status="PASS" starttime="20210116 18:19:16.825" endtime="20210116 18:19:18.830"></status>
</kw>
<kw name="Click Element" library="SeleniumLibrary">
<doc>Click the element identified by ``locator``.</doc>
<arguments>
<arg>xpath://span[text()='Cart']</arg>
</arguments>
<msg timestamp="20210116 18:19:18.832" level="INFO">Clicking element 'xpath://span[text()='Cart']'.</msg>
<status status="PASS" starttime="20210116 18:19:18.830" endtime="20210116 18:19:18.996"></status>
</kw>
<kw name="Sleep" library="BuiltIn">
<doc>Pauses the test executed for the given time.</doc>
<arguments>
<arg>2</arg>
</arguments>
<msg timestamp="20210116 18:19:21.004" level="INFO">Slept 2 seconds</msg>
<status status="PASS" starttime="20210116 18:19:18.996" endtime="20210116 18:19:21.004"></status>
</kw>
<status status="PASS" starttime="20210116 18:19:16.824" endtime="20210116 18:19:21.004"></status>
</kw>
<kw name="Shop Now">
<kw name="Click Element" library="SeleniumLibrary">
<doc>Click the element identified by ``locator``.</doc>
<arguments>
<arg>xpath://span[text()='Shop now']</arg>
</arguments>
<msg timestamp="20210116 18:19:21.004" level="INFO">Clicking element 'xpath://span[text()='Shop now']'.</msg>
<status status="PASS" starttime="20210116 18:19:21.004" endtime="20210116 18:19:21.287"></status>
</kw>
<kw name="Sleep" library="BuiltIn">
<doc>Pauses the test executed for the given time.</doc>
<arguments>
<arg>2</arg>
</arguments>
<msg timestamp="20210116 18:19:23.297" level="INFO">Slept 2 seconds</msg>
<status status="PASS" starttime="20210116 18:19:21.287" endtime="20210116 18:19:23.297"></status>
</kw>
<status status="PASS" starttime="20210116 18:19:21.004" endtime="20210116 18:19:23.297"></status>
</kw>
<kw name="Select Electronics">
<kw name="Click Element" library="SeleniumLibrary">
<doc>Click the element identified by ``locator``.</doc>
<arguments>
<arg>xpath://div[@class='_1kidPb']//span</arg>
</arguments>
<msg timestamp="20210116 18:19:23.297" level="INFO">Clicking element 'xpath://div[@class='_1kidPb']//span'.</msg>
<status status="PASS" starttime="20210116 18:19:23.297" endtime="20210116 18:19:23.488"></status>
</kw>
<kw name="Sleep" library="BuiltIn">
<doc>Pauses the test executed for the given time.</doc>
<arguments>
<arg>2</arg>
</arguments>
<msg timestamp="20210116 18:19:25.501" level="INFO">Slept 2 seconds</msg>
<status status="PASS" starttime="20210116 18:19:23.488" endtime="20210116 18:19:25.502"></status>
</kw>
<status status="PASS" starttime="20210116 18:19:23.297" endtime="20210116 18:19:25.504"></status>
</kw>
<kw name="Select memory card">
<kw name="Click Element" library="SeleniumLibrary">
<doc>Click the element identified by ``locator``.</doc>
<arguments>
<arg>xpath://a[@class='_3QN6WI'][text()='Memory Cards']</arg>
</arguments>
<msg timestamp="20210116 18:19:25.510" level="INFO">Clicking element 'xpath://a[@class='_3QN6WI'][text()='Memory Cards']'.</msg>
<status status="PASS" starttime="20210116 18:19:25.504" endtime="20210116 18:19:25.716"></status>
</kw>
<kw name="Sleep" library="BuiltIn">
<doc>Pauses the test executed for the given time.</doc>
<arguments>
<arg>2</arg>
</arguments>
<msg timestamp="20210116 18:19:27.721" level="INFO">Slept 2 seconds</msg>
<status status="PASS" starttime="20210116 18:19:25.716" endtime="20210116 18:19:27.723"></status>
</kw>
<status status="PASS" starttime="20210116 18:19:25.504" endtime="20210116 18:19:27.723"></status>
</kw>
<kw name="Select item">
<kw name="Get Element Count" library="SeleniumLibrary">
<doc>Returns the number of elements matching ``locator``.</doc>
<arguments>
<arg>xpath=//div[@class='E2-pcE _1q8tSL']/div</arg>
</arguments>
<assign>
<var>${MemoryCard_details}</var>
</assign>
<msg timestamp="20210116 18:19:27.791" level="INFO">${MemoryCard_details} = 14</msg>
<status status="PASS" starttime="20210116 18:19:27.734" endtime="20210116 18:19:27.791"></status>
</kw>
<kw name="Sleep" library="BuiltIn">
<doc>Pauses the test executed for the given time.</doc>
<arguments>
<arg>3s</arg>
</arguments>
<msg timestamp="20210116 18:19:30.792" level="INFO">Slept 3 seconds</msg>
<status status="PASS" starttime="20210116 18:19:27.791" endtime="20210116 18:19:30.792"></status>
</kw>
<kw name="${i} IN RANGE [ 2 | ${MemoryCard_details} ]" type="for">
<kw name="${i} = 2" type="foritem">
<kw name="Get Text" library="SeleniumLibrary">
<doc>Returns the text value of the element identified by ``locator``.</doc>
<arguments>
<arg>xpath=//div[@class='E2-pcE _1q8tSL']/div[2]/div/div[${i}]/div/a[2]</arg>
</arguments>
<assign>
<var>${Card_Name}</var>
</assign>
<msg timestamp="20210116 18:19:30.906" level="INFO">${Card_Name} = Jmart Ultra Premium 32 GB MicroSD Card Class 10 100 MB/...</msg>
<status status="PASS" starttime="20210116 18:19:30.794" endtime="20210116 18:19:30.906"></status>
</kw>
<kw name="Exit For Loop If" library="BuiltIn">
<doc>Stops executing the enclosing for loop if the ``condition`` is true.</doc>
<arguments>
<arg>"${Card_Name}" == "${Category_Type}"</arg>
</arguments>
<status status="PASS" starttime="20210116 18:19:30.906" endtime="20210116 18:19:30.906"></status>
</kw>
<status status="PASS" starttime="20210116 18:19:30.794" endtime="20210116 18:19:30.906"></status>
</kw>
<kw name="${i} = 3" type="foritem">
<kw name="Get Text" library="SeleniumLibrary">
<doc>Returns the text value of the element identified by ``locator``.</doc>
<arguments>
<arg>xpath=//div[@class='E2-pcE _1q8tSL']/div[2]/div/div[${i}]/div/a[2]</arg>
</arguments>
<assign>
<var>${Card_Name}</var>
</assign>
<msg timestamp="20210116 18:19:30.959" level="INFO">${Card_Name} = HP U1 32 GB MicroSDXC Class 10 100 MB/s Memory Card</msg>
<status status="PASS" starttime="20210116 18:19:30.906" endtime="20210116 18:19:30.959"></status>
</kw>
<kw name="Exit For Loop If" library="BuiltIn">
<doc>Stops executing the enclosing for loop if the ``condition`` is true.</doc>
<arguments>
<arg>"${Card_Name}" == "${Category_Type}"</arg>
</arguments>
<msg timestamp="20210116 18:19:30.959" level="INFO">Exiting for loop altogether.</msg>
<status status="PASS" starttime="20210116 18:19:30.959" endtime="20210116 18:19:30.959"></status>
</kw>
<status status="PASS" starttime="20210116 18:19:30.906" endtime="20210116 18:19:30.959"></status>
</kw>
<status status="PASS" starttime="20210116 18:19:30.793" endtime="20210116 18:19:30.959"></status>
</kw>
<kw name="Set Test Variable" library="BuiltIn">
<doc>Makes a variable available everywhere within the scope of the current test.</doc>
<arguments>
<arg>${Card_Name_Static}</arg>
<arg>xpath=//div[@class='E2-pcE _1q8tSL']/div[2]/div/div[${i}]/div/a[2]</arg>
</arguments>
<msg timestamp="20210116 18:19:30.959" level="INFO">${Card_Name_Static} = xpath=//div[@class='E2-pcE _1q8tSL']/div[2]/div/div[3]/div/a[2]</msg>
<status status="PASS" starttime="20210116 18:19:30.959" endtime="20210116 18:19:30.959"></status>
</kw>
<kw name="Click Element" library="SeleniumLibrary">
<doc>Click the element identified by ``locator``.</doc>
<arguments>
<arg>${Card_Name_Static}</arg>
</arguments>
<msg timestamp="20210116 18:19:30.959" level="INFO">Clicking element 'xpath=//div[@class='E2-pcE _1q8tSL']/div[2]/div/div[3]/div/a[2]'.</msg>
<status status="PASS" starttime="20210116 18:19:30.959" endtime="20210116 18:19:31.238"></status>
</kw>
<kw name="Select Window" library="SeleniumLibrary">
<doc>DEPRECATED in SeleniumLibrary 4.0. , use `Switch Window` instead.</doc>
<arguments>
<arg>NEW</arg>
</arguments>
<status status="PASS" starttime="20210116 18:19:31.238" endtime="20210116 18:19:31.261"></status>
</kw>
<status status="PASS" starttime="20210116 18:19:27.732" endtime="20210116 18:19:31.261"></status>
</kw>
<kw name="Add to cart">
<kw name="Click Element" library="SeleniumLibrary">
<doc>Click the element identified by ``locator``.</doc>
<arguments>
<arg>xpath://button[@class='_2KpZ6l _2U9uOA _3v1-ww']</arg>
</arguments>
<msg timestamp="20210116 18:19:31.262" level="INFO">Clicking element 'xpath://button[@class='_2KpZ6l _2U9uOA _3v1-ww']'.</msg>
<status status="PASS" starttime="20210116 18:19:31.262" endtime="20210116 18:19:35.317"></status>
</kw>
<status status="PASS" starttime="20210116 18:19:31.262" endtime="20210116 18:19:35.317"></status>
</kw>
<status status="PASS" starttime="20210116 18:18:53.986" endtime="20210116 18:19:35.317" critical="yes"></status>
</test>
<status status="PASS" starttime="20210116 18:18:53.658" endtime="20210116 18:19:35.326"></status>
</suite>
<statistics>
<total>
<stat pass="1" fail="0">Critical Tests</stat>
<stat pass="1" fail="0">All Tests</stat>
</total>
<tag>
</tag>
<suite>
<stat pass="1" fail="0" id="s1" name="TC">TC</stat>
</suite>
</statistics>
<errors>
</errors>
</robot>
